# JRE version: OpenJDK Runtime Environment (11.0.2+9) (build 11.0.2+9)
# Java VM: OpenJDK 64-Bit Server VM (11.0.2+9, mixed mode, tiered, compressed oops, g1 gc, linux-amd64)
Heap:
 garbage-first heap   total 524288K, used 190035K [0x00000000c0000000, 0x0000000100000000)
  region size 1024K, 118 young (120832K), 19 survivors (19456K)
 Metaspace       used 208015K, capacity 215828K, committed 222920K, reserved 1234944K
  class space    used 29964K, capacity 33639K, committed 37120K, reserved 1048576K
GC Heap History (10 events):
Event: 3257.392 GC heap before
{Heap before GC invocations=171 (full 24):
 garbage-first heap   total 524288K, used 384369K [0x00000000c0000000, 0x0000000100000000)
  region size 1024K, 307 young (314368K), 0 survivors (0K)
 Metaspace       used 207865K, capacity 215734K, committed 222920K, reserved 1234944K
  class space    used 29963K, capacity 33638K, committed 37120K, reserved 1048576K
}
Event: 3257.405 GC heap after
{Heap after GC invocations=172 (full 24):
 garbage-first heap   total 524288K, used 88856K [0x00000000c0000000, 0x0000000100000000)
  region size 1024K, 19 young (19456K), 19 survivors (19456K)
 Metaspace       used 207865K, capacity 215734K, committed 222920K, reserved 1234944K
  class space    used 29963K, capacity 33638K, committed 37120K, reserved 1048576K
}
Event: 3284.453 GC heap before
{Heap before GC invocations=172 (full 24):
 garbage-first heap   total 524288K, used 383768K [0x00000000c0000000, 0x0000000100000000)
  region size 1024K, 307 young (314368K), 19 survivors (19456K)
 Metaspace       used 208007K, capacity 215828K, committed 222920K, reserved 1234944K
  class space    used 29964K, capacity 33639K, committed 37120K, reserved 1048576K
}
Event: 3284.470 GC heap after
{Heap after GC invocations=173 (full 24):
 garbage-first heap   total 524288K, used 88875K [0x00000000c0000000, 0x0000000100000000)
  region size 1024K, 19 young (19456K), 19 survivors (19456K)
 Metaspace       used 208007K, capacity 215828K, committed 222920K, reserved 1234944K
  class space    used 29964K, capacity 33639K, committed 37120K, reserved 1048576K
}
Event: 3295.029 GC heap before
{Heap before GC invocations=173 (full 24):
 garbage-first heap   total 524288K, used 233259K [0x00000000c0000000, 0x0000000100000000)
  region size 1024K, 161 young (164864K), 19 survivors (19456K)
 Metaspace       used 208012K, capacity 215828K, committed 222920K, reserved 1234944K
  class space    used 29964K, capacity 33639K, committed 37120K, reserved 1048576K
}
Event: 3295.168 GC heap after
{Heap after GC invocations=174 (full 25):
 garbage-first heap   total 524288K, used 78867K [0x00000000c0000000, 0x0000000100000000)
  region size 1024K, 0 young (0K), 0 survivors (0K)
 Metaspace       used 208012K, capacity 215828K, committed 222920K, reserved 1234944K
  class space    used 29964K, capacity 33639K, committed 37120K, reserved 1048576K
}
Event: 3295.452 GC heap before
{Heap before GC invocations=174 (full 25):
 garbage-first heap   total 524288K, used 79891K [0x00000000c0000000, 0x0000000100000000)
  region size 1024K, 2 young (2048K), 0 survivors (0K)
 Metaspace       used 208014K, capacity 215828K, committed 222920K, reserved 1234944K
  class space    used 29964K, capacity 33639K, committed 37120K, reserved 1048576K
}
Event: 3295.562 GC heap after
{Heap after GC invocations=175 (full 26):
 garbage-first heap   total 524288K, used 70227K [0x00000000c0000000, 0x0000000100000000)
  region size 1024K, 0 young (0K), 0 survivors (0K)
 Metaspace       used 208014K, capacity 215828K, committed 222920K, reserved 1234944K
  class space    used 29964K, capacity 33639K, committed 37120K, reserved 1048576K
}
Event: 3316.848 GC heap before
{Heap before GC invocations=175 (full 26):
 garbage-first heap   total 524288K, used 384595K [0x00000000c0000000, 0x0000000100000000)
  region size 1024K, 307 young (314368K), 0 survivors (0K)
 Metaspace       used 208015K, capacity 215828K, committed 222920K, reserved 1234944K
  class space    used 29964K, capacity 33639K, committed 37120K, reserved 1048576K
}
Event: 3316.859 GC heap after
{Heap after GC invocations=176 (full 26):
 garbage-first heap   total 524288K, used 89683K [0x00000000c0000000, 0x0000000100000000)
  region size 1024K, 19 young (19456K), 19 survivors (19456K)
 Metaspace       used 208015K, capacity 215828K, committed 222920K, reserved 1234944K
  class space    used 29964K, capacity 33639K, committed 37120K, reserved 1048576K
}

